0 info it worked if it ends with ok
1 verbose cli [ '/home/vagrant/.nvm/versions/node/v6.9.5/bin/node',
1 verbose cli   '/home/vagrant/.nvm/versions/node/v6.9.5/bin/npm',
1 verbose cli   'install',
1 verbose cli   'normalize.css' ]
2 info using npm@3.10.10
3 info using node@v6.9.5
4 silly loadCurrentTree Starting
5 silly install loadCurrentTree
6 silly install readLocalPackageData
7 silly fetchPackageMetaData normalize.css
8 silly fetchNamedPackageData normalize.css
9 silly mapToRegistry name normalize.css
10 silly mapToRegistry using default registry
11 silly mapToRegistry registry https://registry.npmjs.org/
12 silly mapToRegistry data Result {
12 silly mapToRegistry   raw: 'normalize.css',
12 silly mapToRegistry   scope: null,
12 silly mapToRegistry   escapedName: 'normalize.css',
12 silly mapToRegistry   name: 'normalize.css',
12 silly mapToRegistry   rawSpec: '',
12 silly mapToRegistry   spec: 'latest',
12 silly mapToRegistry   type: 'tag' }
13 silly mapToRegistry uri https://registry.npmjs.org/normalize.css
14 verbose request uri https://registry.npmjs.org/normalize.css
15 verbose request no auth needed
16 info attempt registry request try #1 at 8:51:16 PM
17 verbose request id e63b849eee0d29e9
18 http request GET https://registry.npmjs.org/normalize.css
19 info retry will retry, error on last attempt: Error: tunneling socket could not be established, cause=getaddrinfo ENOTFOUND proxy.server.com proxy.server.com:80
20 info attempt registry request try #2 at 8:51:27 PM
21 http request GET https://registry.npmjs.org/normalize.css
22 info retry will retry, error on last attempt: Error: tunneling socket could not be established, cause=getaddrinfo ENOTFOUND proxy.server.com proxy.server.com:80
23 info attempt registry request try #3 at 8:52:27 PM
24 http request GET https://registry.npmjs.org/normalize.css
25 silly fetchPackageMetaData Error: tunneling socket could not be established, cause=getaddrinfo ENOTFOUND proxy.server.com proxy.server.com:80
25 silly fetchPackageMetaData     at ClientRequest.onError (/home/vagrant/.nvm/versions/node/v6.9.5/lib/node_modules/npm/node_modules/request/node_modules/tunnel-agent/index.js:176:17)
25 silly fetchPackageMetaData     at ClientRequest.g (events.js:291:16)
25 silly fetchPackageMetaData     at emitOne (events.js:96:13)
25 silly fetchPackageMetaData     at ClientRequest.emit (events.js:188:7)
25 silly fetchPackageMetaData     at Socket.socketErrorListener (_http_client.js:310:9)
25 silly fetchPackageMetaData     at emitOne (events.js:96:13)
25 silly fetchPackageMetaData     at Socket.emit (events.js:188:7)
25 silly fetchPackageMetaData     at connectErrorNT (net.js:1022:8)
25 silly fetchPackageMetaData     at _combinedTickCallback (internal/process/next_tick.js:74:11)
25 silly fetchPackageMetaData     at process._tickCallback (internal/process/next_tick.js:98:9)
25 silly fetchPackageMetaData  error for normalize.css { Error: tunneling socket could not be established, cause=getaddrinfo ENOTFOUND proxy.server.com proxy.server.com:80
25 silly fetchPackageMetaData     at ClientRequest.onError (/home/vagrant/.nvm/versions/node/v6.9.5/lib/node_modules/npm/node_modules/request/node_modules/tunnel-agent/index.js:176:17)
25 silly fetchPackageMetaData     at ClientRequest.g (events.js:291:16)
25 silly fetchPackageMetaData     at emitOne (events.js:96:13)
25 silly fetchPackageMetaData     at ClientRequest.emit (events.js:188:7)
25 silly fetchPackageMetaData     at Socket.socketErrorListener (_http_client.js:310:9)
25 silly fetchPackageMetaData     at emitOne (events.js:96:13)
25 silly fetchPackageMetaData     at Socket.emit (events.js:188:7)
25 silly fetchPackageMetaData     at connectErrorNT (net.js:1022:8)
25 silly fetchPackageMetaData     at _combinedTickCallback (internal/process/next_tick.js:74:11)
25 silly fetchPackageMetaData     at process._tickCallback (internal/process/next_tick.js:98:9) code: 'ECONNRESET' }
26 silly rollbackFailedOptional Starting
27 silly rollbackFailedOptional Finishing
28 silly runTopLevelLifecycles Finishing
29 silly install printInstalled
30 verbose stack Error: tunneling socket could not be established, cause=getaddrinfo ENOTFOUND proxy.server.com proxy.server.com:80
30 verbose stack     at ClientRequest.onError (/home/vagrant/.nvm/versions/node/v6.9.5/lib/node_modules/npm/node_modules/request/node_modules/tunnel-agent/index.js:176:17)
30 verbose stack     at ClientRequest.g (events.js:291:16)
30 verbose stack     at emitOne (events.js:96:13)
30 verbose stack     at ClientRequest.emit (events.js:188:7)
30 verbose stack     at Socket.socketErrorListener (_http_client.js:310:9)
30 verbose stack     at emitOne (events.js:96:13)
30 verbose stack     at Socket.emit (events.js:188:7)
30 verbose stack     at connectErrorNT (net.js:1022:8)
30 verbose stack     at _combinedTickCallback (internal/process/next_tick.js:74:11)
30 verbose stack     at process._tickCallback (internal/process/next_tick.js:98:9)
31 verbose cwd /vagrant/lighthouse/rayhaneh.github.io
32 error Linux 4.4.0-21-generic
33 error argv "/home/vagrant/.nvm/versions/node/v6.9.5/bin/node" "/home/vagrant/.nvm/versions/node/v6.9.5/bin/npm" "install" "normalize.css"
34 error node v6.9.5
35 error npm  v3.10.10
36 error code ECONNRESET
37 error network tunneling socket could not be established, cause=getaddrinfo ENOTFOUND proxy.server.com proxy.server.com:80
38 error network This is most likely not a problem with npm itself
38 error network and is related to network connectivity.
38 error network In most cases you are behind a proxy or have bad network settings.
38 error network
38 error network If you are behind a proxy, please make sure that the
38 error network 'proxy' config is set properly.  See: 'npm help config'
39 verbose exit [ 1, true ]
